<?xml version="1.0" encoding="UTF-8"?>
<testsuite xmlns:xsi="http://www.w3.org/2001/XMLSchema-instance" xsi:noNamespaceSchemaLocation="https://maven.apache.org/surefire/maven-surefire-plugin/xsd/surefire-test-report.xsd" name="com.demo.redis.patterns.controller.ProductControllerTest" time="3.39" tests="2" errors="0" skipped="0" failures="0">
  <properties>
[...]
</properties>
  <testcase name="test_getPost" classname="com.demo.redis.patterns.controller.ProductControllerTest" time="0.044"/>
  <testcase name="test_createPost" classname="com.demo.redis.patterns.controller.ProductControllerTest" time="0.032"/>
</testsuite>